::1 - - [07/Aug/2022:09:28:54 +0000] "GET /logs HTTP/1.1" 404 241
::1 - - [07/Aug/2022:09:29:16 +0000] "GET /logs HTTP/1.1" 404 241
::1 - - [07/Aug/2022:09:30:01 +0000] "GET /logs HTTP/1.1" 404 241
::1 - - [07/Aug/2022:09:30:27 +0000] "GET /logs HTTP/1.1" 404 241
::1 - - [07/Aug/2022:09:30:41 +0000] "GET /logs HTTP/1.1" 200 264
::1 - - [07/Aug/2022:09:30:56 +0000] "GET /logs HTTP/1.1" 200 330
::1 - - [07/Aug/2022:09:33:25 +0000] "GET /logs HTTP/1.1" 200 396
::1 - - [07/Aug/2022:09:33:28 +0000] "GET /logs HTTP/1.1" 200 462
::1 - - [07/Aug/2022:09:43:06 +0000] "GET / HTTP/1.1" 200 728
::1 - - [07/Aug/2022:09:47:49 +0000] "GET /users/login HTTP/1.1" 404 150
::1 - - [07/Aug/2022:09:48:18 +0000] "POST /users/login HTTP/1.1" 200 227
::1 - - [07/Aug/2022:09:50:00 +0000] "POST /users/new HTTP/1.1" 200 235
::1 - - [07/Aug/2022:09:50:14 +0000] "POST /tickets/new HTTP/1.1" 200 69
::1 - - [07/Aug/2022:09:50:21 +0000] "POST /tickets/new HTTP/1.1" 200 58
::1 - - [07/Aug/2022:09:50:54 +0000] "POST /tickets/new HTTP/1.1" 200 58
::1 - - [07/Aug/2022:09:51:08 +0000] "POST /tickets/new HTTP/1.1" 200 48
::1 - - [07/Aug/2022:09:52:04 +0000] "GET /tickets/all HTTP/1.1" 200 33
::1 - - [07/Aug/2022:09:53:17 +0000] "GET /tickets/all HTTP/1.1" 200 252
::1 - - [07/Aug/2022:09:57:39 +0000] "GET /tickets/?priority=low HTTP/1.1" 200 122
::1 - - [07/Aug/2022:10:11:18 +0000] "GET /tickets/all HTTP/1.1" 200 252
::1 - - [07/Aug/2022:10:11:35 +0000] "GET /tickets/all HTTP/1.1" 200 252
::1 - - [07/Aug/2022:10:11:38 +0000] "GET /tickets/all HTTP/1.1" 200 252
::1 - - [07/Aug/2022:10:12:04 +0000] "GET /tickets/all HTTP/1.1" 200 256
::1 - - [07/Aug/2022:10:12:50 +0000] "GET /tickets/?priority=low HTTP/1.1" 200 122
::1 - - [07/Aug/2022:10:13:09 +0000] "GET /tickets/?priority=low HTTP/1.1" 200 122
::1 - - [07/Aug/2022:10:13:51 +0000] "GET /tickets/?priority=low HTTP/1.1" 200 122
::1 - - [07/Aug/2022:10:14:05 +0000] "GET /tickets/?priority=low HTTP/1.1" 200 256
::1 - - [07/Aug/2022:10:14:37 +0000] "GET /tickets/?priority=low HTTP/1.1" 200 256
::1 - - [07/Aug/2022:10:15:06 +0000] "POST /tickets/new HTTP/1.1" 200 54
::1 - - [07/Aug/2022:10:15:13 +0000] "GET /tickets/?priority=low HTTP/1.1" 200 487
::1 - - [07/Aug/2022:10:15:21 +0000] "POST /tickets/new HTTP/1.1" 200 54
::1 - - [07/Aug/2022:10:15:24 +0000] "GET /tickets/?priority=low HTTP/1.1" 200 487
::1 - - [07/Aug/2022:10:15:30 +0000] "GET /tickets/?priority=high HTTP/1.1" 200 260
::1 - - [07/Aug/2022:10:15:47 +0000] "GET /tickets/?status=open HTTP/1.1" 200 719
::1 - - [07/Aug/2022:10:15:53 +0000] "GET /tickets/?status=close HTTP/1.1" 200 29
::1 - - [07/Aug/2022:10:20:52 +0000] "GET /tickets/all HTTP/1.1" 403 38
::1 - - [07/Aug/2022:10:21:06 +0000] "GET /tickets/all HTTP/1.1" 200 719
::1 - - [07/Aug/2022:10:24:05 +0000] "POST /users/login HTTP/1.1" 200 41
::1 - - [07/Aug/2022:10:24:15 +0000] "POST /users/login HTTP/1.1" 200 235
::1 - - [07/Aug/2022:10:24:27 +0000] "GET /tickets/all HTTP/1.1" 200 719
::1 - - [07/Aug/2022:10:25:21 +0000] "POST /tickets/markAsCloased HTTP/1.1" 404 161
::1 - - [07/Aug/2022:10:25:30 +0000] "POST /tickets/markAsClosed HTTP/1.1" 401 38
::1 - - [07/Aug/2022:10:25:49 +0000] "POST /tickets/markAsClosed HTTP/1.1" 200 87
::1 - - [07/Aug/2022:10:26:29 +0000] "POST /tickets/markAsClosed HTTP/1.1" 200 314
::1 - - [07/Aug/2022:10:26:41 +0000] "POST /tickets/markAsClosed HTTP/1.1" 200 314
::1 - - [07/Aug/2022:10:27:00 +0000] "POST /tickets/markAsClosed HTTP/1.1" 200 314
::1 - - [07/Aug/2022:10:27:35 +0000] "POST /tickets/markAsClosed HTTP/1.1" 200 314
::1 - - [07/Aug/2022:10:28:12 +0000] "POST /tickets/markAsClosed HTTP/1.1" 200 314
::1 - - [07/Aug/2022:10:31:06 +0000] "POST /tickets/markAsClosed HTTP/1.1" 200 314
::1 - - [07/Aug/2022:10:31:12 +0000] "POST /tickets/markAsClosed HTTP/1.1" 200 39
::1 - - [07/Aug/2022:10:31:59 +0000] "POST /tickets/delete HTTP/1.1" 200 39
::1 - - [07/Aug/2022:10:32:09 +0000] "POST /tickets/delete HTTP/1.1" 200 43
::1 - - [07/Aug/2022:10:33:04 +0000] "POST /users/login HTTP/1.1" 200 235
::1 - - [07/Aug/2022:10:33:07 +0000] "POST /tickets/delete HTTP/1.1" 200 70
::1 - - [07/Aug/2022:10:49:11 +0000] "GET / HTTP/1.1" 200 3039
::1 - - [07/Aug/2022:10:49:11 +0000] "GET /swagger-ui-init.js HTTP/1.1" 200 7040
::1 - - [07/Aug/2022:10:49:11 +0000] "GET /swagger-ui.css HTTP/1.1" 200 144486
::1 - - [07/Aug/2022:10:49:11 +0000] "GET /swagger-ui-init.js HTTP/1.1" 200 7040
::1 - - [07/Aug/2022:10:49:11 +0000] "GET /swagger-ui-standalone-preset.js HTTP/1.1" 200 311812
::1 - - [07/Aug/2022:10:49:11 +0000] "GET /swagger-ui-bundle.js HTTP/1.1" 200 1057488
::1 - - [07/Aug/2022:10:49:12 +0000] "GET /swagger-ui-standalone-preset.js HTTP/1.1" 200 311812
::1 - - [07/Aug/2022:10:49:12 +0000] "GET /swagger-ui-bundle.js HTTP/1.1" 200 1057488
::1 - - [07/Aug/2022:10:49:12 +0000] "GET /assets/favicon.ico HTTP/1.1" 200 3039
::1 - - [07/Aug/2022:10:49:12 +0000] "GET /assets/favicon.ico HTTP/1.1" 304 -
::1 - - [07/Aug/2022:10:49:35 +0000] "GET / HTTP/1.1" 304 -
::1 - - [07/Aug/2022:10:49:35 +0000] "GET /swagger-ui.css HTTP/1.1" 304 -
::1 - - [07/Aug/2022:10:49:35 +0000] "GET /swagger-ui-init.js HTTP/1.1" 200 7040
::1 - - [07/Aug/2022:10:49:35 +0000] "GET /swagger-ui-standalone-preset.js HTTP/1.1" 304 -
::1 - - [07/Aug/2022:10:49:35 +0000] "GET /swagger-ui-bundle.js HTTP/1.1" 304 -
::1 - - [07/Aug/2022:10:49:35 +0000] "GET /swagger-ui-init.js HTTP/1.1" 200 7040
::1 - - [07/Aug/2022:10:49:35 +0000] "GET /swagger-ui-standalone-preset.js HTTP/1.1" 304 -
::1 - - [07/Aug/2022:10:49:35 +0000] "GET /swagger-ui-bundle.js HTTP/1.1" 304 -
::1 - - [07/Aug/2022:10:49:36 +0000] "GET /assets/favicon.ico HTTP/1.1" 304 -
::1 - - [07/Aug/2022:10:49:36 +0000] "GET /assets/favicon.ico HTTP/1.1" 304 -
::1 - - [07/Aug/2022:10:49:36 +0000] "GET / HTTP/1.1" 304 -
::1 - - [07/Aug/2022:10:49:36 +0000] "GET /swagger-ui-init.js HTTP/1.1" 304 -
::1 - - [07/Aug/2022:10:49:36 +0000] "GET /swagger-ui.css HTTP/1.1" 304 -
::1 - - [07/Aug/2022:10:49:36 +0000] "GET /swagger-ui-bundle.js HTTP/1.1" 304 -
::1 - - [07/Aug/2022:10:49:36 +0000] "GET /swagger-ui-standalone-preset.js HTTP/1.1" 304 -
::1 - - [07/Aug/2022:10:49:36 +0000] "GET /assets/favicon.ico HTTP/1.1" 304 -
::1 - - [07/Aug/2022:10:49:36 +0000] "GET /assets/favicon.ico HTTP/1.1" 304 -
::1 - - [07/Aug/2022:10:49:37 +0000] "GET /swagger-ui-init.js HTTP/1.1" 304 -
::1 - - [07/Aug/2022:10:49:37 +0000] "GET /swagger-ui-bundle.js HTTP/1.1" 304 -
::1 - - [07/Aug/2022:10:49:37 +0000] "GET /swagger-ui-standalone-preset.js HTTP/1.1" 304 -
